# JRE version: Java(TM) SE Runtime Environment (13.0.2+8) (build 13.0.2+8)
# Java VM: Java HotSpot(TM) 64-Bit Server VM (13.0.2+8, mixed mode, sharing, tiered, compressed oops, g1 gc, windows-amd64)
Heap:
 garbage-first heap   total 65536K, used 30020K [0x00000000c0000000, 0x0000000100000000)
  region size 1024K, 28 young (28672K), 2 survivors (2048K)
 Metaspace       used 15642K, capacity 16200K, committed 16384K, reserved 1062912K
  class space    used 1809K, capacity 2007K, committed 2048K, reserved 1048576K
GC Heap History (6 events):
Event: 0.519 GC heap before
{Heap before GC invocations=0 (full 0):
 garbage-first heap   total 65536K, used 6144K [0x00000000c0000000, 0x0000000100000000)
  region size 1024K, 7 young (7168K), 0 survivors (0K)
 Metaspace       used 2199K, capacity 5205K, committed 5504K, reserved 1056768K
  class space    used 253K, capacity 544K, committed 640K, reserved 1048576K
}
Event: 0.522 GC heap after
{Heap after GC invocations=1 (full 0):
 garbage-first heap   total 65536K, used 2707K [0x00000000c0000000, 0x0000000100000000)
  region size 1024K, 1 young (1024K), 1 survivors (1024K)
 Metaspace       used 2199K, capacity 5205K, committed 5504K, reserved 1056768K
  class space    used 253K, capacity 544K, committed 640K, reserved 1048576K
}
Event: 0.833 GC heap before
{Heap before GC invocations=1 (full 0):
 garbage-first heap   total 65536K, used 9875K [0x00000000c0000000, 0x0000000100000000)
  region size 1024K, 8 young (8192K), 1 survivors (1024K)
 Metaspace       used 4262K, capacity 6748K, committed 6912K, reserved 1056768K
  class space    used 480K, capacity 747K, committed 768K, reserved 1048576K
}
Event: 0.836 GC heap after
{Heap after GC invocations=2 (full 0):
 garbage-first heap   total 65536K, used 3092K [0x00000000c0000000, 0x0000000100000000)
  region size 1024K, 1 young (1024K), 1 survivors (1024K)
 Metaspace       used 4262K, capacity 6748K, committed 6912K, reserved 1056768K
  class space    used 480K, capacity 747K, committed 768K, reserved 1048576K
}
Event: 1.604 GC heap before
{Heap before GC invocations=2 (full 0):
 garbage-first heap   total 65536K, used 19476K [0x00000000c0000000, 0x0000000100000000)
  region size 1024K, 17 young (17408K), 1 survivors (1024K)
 Metaspace       used 8780K, capacity 10187K, committed 10496K, reserved 1058816K
  class space    used 974K, capacity 1173K, committed 1280K, reserved 1048576K
}
Event: 1.608 GC heap after
{Heap after GC invocations=3 (full 0):
 garbage-first heap   total 65536K, used 4420K [0x00000000c0000000, 0x0000000100000000)
  region size 1024K, 2 young (2048K), 2 survivors (2048K)
 Metaspace       used 8780K, capacity 10187K, committed 10496K, reserved 1058816K
  class space    used 974K, capacity 1173K, committed 1280K, reserved 1048576K
}

